0.1.0 Front-end
        0 Create electron app
        1 Front-end
0.1.1 Frameless
        0 Make frame to turn my application into a frameless
0.1.2 XLS 2 Json + Views
        0 Handle FilePickers
        1 Grammatical correction on css files
        2 Convert XLS files to JSON to handle it
        3 First view of pdf be4 generate it
        4 Editing flyer's layout
        5 Editing the flyer text
        6 Encapsulating functions
        7 Customizing price tag
0.1.3 XLS + Loader
        0 Adding electron-forge
        1 Now the xls actually is transformmed to the flyer
        2 Loader
        3 Loader JS
0.1.4 Upgrade side menu form
        0 Starts with current date in footer
        1 Update flyer.css
        2 Refatoring
        3 CSS Refatoring
        4 Upgrade side menu form
0.1.5 Print Page
        0 Handle On Changes
        1 Print page and start making save method
        2 Added Fontawesome to project
        3 Menu buttons
        4 Refatoring SASS
        5 I'd temporally gived up about save() button
        6 Printing successfully
0.2.0 Multiple page printing
        0 Refatoring JS
        1 Multiple pages
        2 Display more products
        3 Refatoring grid layout
        4 Bug fixed: clear page b4 write
        6 Fixed prices insert handle
0.2.1 New fixed prices layout
        0 Some changes to grid layout
        1 Fixed prices v1
        2 Upgrading app frame
        3 Refatoring grid
        4 Customizable fixed rows v1
        5 Customizable fixed rows v2
        6 Customizable fixed rows v3 JS
        7 Finally, saving to HTML
0.2.2 Last features?
        0 Fixing printing bugs
        1 Loading like a promise
        2 Footer date now is working
        3 Double prices and comments
        4 Price tags
        5 Bug fixes